Arguments: 
  C:\Program Files\nodejs\node.exe C:\Program Files (x86)\Yarn\bin\yarn.js init

PATH: 
  C:\Windows\system32;C:\Windows;C:\Windows\System32\Wbem;C:\Windows\System32\WindowsPowerShell\v1.0\;C:\Windows\System32\OpenSSH\;C:\ProgramData\chocolatey\bin;C:\Go\bin;C:\Program Files\nodejs\;C:\Program Files\Git\cmd;C:\Program Files (x86)\Yarn\bin\;C:\Program Files\Java\jdk1.8.0_191\bin;C:\Users\jairo\AppData\Local\Microsoft\WindowsApps;C:\Users\jairo\AppData\Local\Programs\Microsoft VS Code\bin;C:\Users\jairo\go\bin;C:\Users\jairo\AppData\Roaming\npm;C:\Users\jairo\AppData\Local\Yarn\bin;C:\Users\jairo\AppData\Local\now-cli;C:\Users\jairo\AppData\Local\hyper\app-2.0.0\resources\bin;C:\Users\jairo\AppData\Local\Android\Sdk\platform-tools;

Yarn version: 
  1.10.1

Node version: 
  10.11.0

Platform: 
  win32 x64

Trace: 
  Error: canceled
      at Interface.<anonymous> (C:\Program Files (x86)\Yarn\lib\cli.js:116426:13)
      at Interface.emit (events.js:182:13)
      at Interface._ttyWrite (readline.js:783:16)
      at ReadStream.onkeypress (readline.js:168:10)
      at ReadStream.emit (events.js:182:13)
      at emitKeys (internal/readline.js:424:14)
      at emitKeys.next (<anonymous>)
      at ReadStream.onData (readline.js:1022:36)
      at ReadStream.emit (events.js:182:13)
      at addChunk (_stream_readable.js:283:12)

npm manifest: 
  {
    "name": "diverse-games",
    "version": "1.0.0",
    "author": "Jairo Caro-Accino Viciana",
    "scripts": {
      "dev": "next",
      "build": "next build",
      "start": "next start"
    },
    "dependencies": {
      "@material-ui/core": "3.3.1",
      "next": "latest",
      "react": "^16.0.0",
      "react-dom": "^16.0.0",
      "trianglify": "1.2.0"
    },
    "license": "MIT",
    "keywords": [],
    "description": ""
  }

yarn manifest: 
  No manifest

Lockfile: 
  No lockfile
